Using pre-set license
Built from '2020.3/staging' branch; Version is '2020.3.22f1 (e1a7f79fd887) revision 14788599'; Using compiler version '192528614'; Build Type 'Release'
OS: 'Windows 10 Home Single Language; OS build 19043.1348; Version 2009; 64bit' Language: 'en' Physical Memory: 8029 MB
BatchMode: 1, IsHumanControllingUs: 0, StartBugReporterOnCrash: 0, Is64bit: 1, IsPro: 0

COMMAND LINE ARGUMENTS:
C:\Program Files\Unity\Hub\Editor\2020.3.22f1\Editor\Unity.exe
-adb2
-batchMode
-noUpm
-name
AssetImportWorker0
-projectPath
E:/cs222/lab2/labWater
-logFile
Logs/AssetImportWorker0.log
-srvPort
63474
Successfully changed project path to: E:/cs222/lab2/labWater
E:/cs222/lab2/labWater
Using Asset Import Pipeline V2.
Refreshing native plugins compatible for Editor in 52.40 ms, found 2 plugins.
Preloading 0 native plugins for Editor in 0.00 ms.
Initialize engine version: 2020.3.22f1 (e1a7f79fd887)
[Subsystems] Discovering subsystems at path C:/Program Files/Unity/Hub/Editor/2020.3.22f1/Editor/Data/Resources/UnitySubsystems
[Subsystems] Discovering subsystems at path E:/cs222/lab2/labWater/Assets
GfxDevice: creating device client; threaded=0
Direct3D:
    Version:  Direct3D 11.0 [level 11.1]
    Renderer: NVIDIA GeForce GTX 1050 (ID=0x1c91)
    Vendor:   
    VRAM:     2996 MB
    Driver:   27.21.14.5167
Initialize mono
Mono path[0] = 'C:/Program Files/Unity/Hub/Editor/2020.3.22f1/Editor/Data/Managed'
Mono path[1] = 'C:/Program Files/Unity/Hub/Editor/2020.3.22f1/Editor/Data/MonoBleedingEdge/lib/mono/unityjit'
Mono config path = 'C:/Program Files/Unity/Hub/Editor/2020.3.22f1/Editor/Data/MonoBleedingEdge/etc'
Using monoOptions --debugger-agent=transport=dt_socket,embedding=1,server=y,suspend=n,address=127.0.0.1:56764
Begin MonoManager ReloadAssembly
Registering precompiled unity dll's ...
Register platform support module: C:/Program Files/Unity/Hub/Editor/2020.3.22f1/Editor/Data/PlaybackEngines/WebGLSupport/UnityEditor.WebGL.Extensions.dll
Register platform support module: C:/Program Files/Unity/Hub/Editor/2020.3.22f1/Editor/Data/PlaybackEngines/WindowsStandaloneSupport/UnityEditor.WindowsStandalone.Extensions.dll
Registered in 0.002383 seconds.
Native extension for WindowsStandalone target not found
Native extension for WebGL target not found
Refreshing native plugins compatible for Editor in 45.86 ms, found 2 plugins.
Preloading 0 native plugins for Editor in 0.00 ms.
Mono: successfully reloaded assembly
- Completed reload, in  7.768 seconds
Domain Reload Profiling:
	ReloadAssembly (7768ms)
		BeginReloadAssembly (51ms)
			ExecutionOrderSort (0ms)
			DisableScriptedObjects (0ms)
			BackupInstance (0ms)
			ReleaseScriptingObjects (0ms)
			CreateAndSetChildDomain (1ms)
		EndReloadAssembly (431ms)
			LoadAssemblies (50ms)
			RebuildTransferFunctionScriptingTraits (0ms)
			SetupTypeCache (144ms)
			ReleaseScriptCaches (0ms)
			RebuildScriptCaches (30ms)
			SetupLoadedEditorAssemblies (162ms)
				LogAssemblyErrors (0ms)
				InitializePlatformSupportModulesInManaged (4ms)
				SetLoadedEditorAssemblies (0ms)
				RefreshPlugins (46ms)
				BeforeProcessingInitializeOnLoad (12ms)
				ProcessInitializeOnLoadAttributes (74ms)
				ProcessInitializeOnLoadMethodAttributes (25ms)
				AfterProcessingInitializeOnLoad (0ms)
				EditorAssembliesLoaded (0ms)
			ExecutionOrderSort2 (0ms)
			AwakeInstancesAfterBackupRestoration (0ms)
Platform modules already initialized, skipping
Registering precompiled user dll's ...
Registered in 0.143286 seconds.
Begin MonoManager ReloadAssembly
Native extension for WindowsStandalone target not found
Native extension for WebGL target not found
Refreshing native plugins compatible for Editor in 47.76 ms, found 2 plugins.
Preloading 0 native plugins for Editor in 0.00 ms.
Mono: successfully reloaded assembly
- Completed reload, in  1.078 seconds
Domain Reload Profiling:
	ReloadAssembly (1079ms)
		BeginReloadAssembly (135ms)
			ExecutionOrderSort (0ms)
			DisableScriptedObjects (4ms)
			BackupInstance (0ms)
			ReleaseScriptingObjects (0ms)
			CreateAndSetChildDomain (18ms)
		EndReloadAssembly (886ms)
			LoadAssemblies (84ms)
			RebuildTransferFunctionScriptingTraits (0ms)
			SetupTypeCache (298ms)
			ReleaseScriptCaches (1ms)
			RebuildScriptCaches (46ms)
			SetupLoadedEditorAssemblies (344ms)
				LogAssemblyErrors (0ms)
				InitializePlatformSupportModulesInManaged (4ms)
				SetLoadedEditorAssemblies (0ms)
				RefreshPlugins (48ms)
				BeforeProcessingInitializeOnLoad (86ms)
				ProcessInitializeOnLoadAttributes (187ms)
				ProcessInitializeOnLoadMethodAttributes (9ms)
				AfterProcessingInitializeOnLoad (8ms)
				EditorAssembliesLoaded (0ms)
			ExecutionOrderSort2 (0ms)
			AwakeInstancesAfterBackupRestoration (6ms)
Platform modules already initialized, skipping
========================================================================
Worker process is ready to serve import requests
Launched and connected shader compiler UnityShaderCompiler.exe after 0.08 seconds
Refreshing native plugins compatible for Editor in 0.49 ms, found 2 plugins.
Preloading 0 native plugins for Editor in 0.00 ms.
Unloading 2884 Unused Serialized files (Serialized files now loaded: 0)
System memory in use before: 124.1 MB.
System memory in use after: 124.3 MB.

Unloading 20 unused Assets to reduce memory usage. Loaded Objects now: 3316.
Total: 3.575300 ms (FindLiveObjects: 0.321600 ms CreateObjectMapping: 0.194100 ms MarkObjects: 2.980200 ms  DeleteObjects: 0.078200 ms)

AssetImportParameters requested are different than current active one (requested -> active):
  custom:framework-win-MediaFoundation: 216162199b28c13a410421893ffa2e32 -> 
  custom:video-decoder-ogg-theora: a1e56fd34408186e4bbccfd4996cb3dc -> 
  custom:container-muxer-webm: aa71ff27fc2769a1b78a27578f13a17b -> 
  custom:container-demuxer-webm: 4f35f7cbe854078d1ac9338744f61a02 -> 
  custom:container-demuxer-ogg: 62fdf1f143b41e24485cea50d1cbac27 -> 
  custom:video-encoder-webm-vp8: eb34c28f22e8b96e1ab97ce403110664 -> 
  custom:video-decoder-webm-vp8: 9c59270c3fd7afecdb556c50c9e8de78 -> 
  custom:audio-decoder-ogg-vorbis: bf7c407c2cedff20999df2af8eb42d56 -> 
  custom:audio-encoder-webm-vorbis: bf7c407c2cedff20999df2af8eb42d56 -> 
========================================================================
Received Import Request.
  path: Assets/UniversalRenderPipelineAsset.asset
  artifactKey: Guid(fb125be0e42d0a34c8a6522d0917a9f4) Importer(815301076,1909f56bfc062723c751e8b465ee728b)
Start importing Assets/UniversalRenderPipelineAsset.asset using Guid(fb125be0e42d0a34c8a6522d0917a9f4) Importer(815301076,1909f56bfc062723c751e8b465ee728b)  -> (artifact id: '8a0e8cfcefd00ba5c76b5d7f1b34d092') in 0.074881 seconds 
  Import took 0.079445 seconds .

========================================================================
Received Import Request.
  Time since last request: 0.000347 seconds.
  path: Assets/UniversalRenderPipelineAsset_Renderer.asset
  artifactKey: Guid(c2d748907ef1b3d4588fa0d29909b099) Importer(815301076,1909f56bfc062723c751e8b465ee728b)
Start importing Assets/UniversalRenderPipelineAsset_Renderer.asset using Guid(c2d748907ef1b3d4588fa0d29909b099) Importer(815301076,1909f56bfc062723c751e8b465ee728b)  -> (artifact id: '6cdec4695c0fcf5b96c055da2a9c06b7') in 0.031723 seconds 
  Import took 0.036633 seconds .

========================================================================
Received Import Request.
  Time since last request: 17.645597 seconds.
  path: Assets/UniversalRenderPipelineAsset.asset
  artifactKey: Guid(fb125be0e42d0a34c8a6522d0917a9f4) Importer(815301076,1909f56bfc062723c751e8b465ee728b)
Start importing Assets/UniversalRenderPipelineAsset.asset using Guid(fb125be0e42d0a34c8a6522d0917a9f4) Importer(815301076,1909f56bfc062723c751e8b465ee728b)  -> (artifact id: 'eabbf9e58985b81b488b3433120fa213') in 0.014808 seconds 
  Import took 0.023028 seconds .

========================================================================
Received Import Request.
  Time since last request: 0.000285 seconds.
  path: Assets/UniversalRenderPipelineAsset_Renderer.asset
  artifactKey: Guid(c2d748907ef1b3d4588fa0d29909b099) Importer(815301076,1909f56bfc062723c751e8b465ee728b)
Start importing Assets/UniversalRenderPipelineAsset_Renderer.asset using Guid(c2d748907ef1b3d4588fa0d29909b099) Importer(815301076,1909f56bfc062723c751e8b465ee728b)  -> (artifact id: '96fb9a780230ea064ca69bc4aebc23c5') in 0.019052 seconds 
  Import took 0.025184 seconds .

========================================================================
Received Import Request.
  Time since last request: 359.291597 seconds.
  path: Assets
  artifactKey: Guid(00000000000000001000000000000000) Importer(815301076,1909f56bfc062723c751e8b465ee728b)
Start importing Assets using Guid(00000000000000001000000000000000) Importer(815301076,1909f56bfc062723c751e8b465ee728b)  -> (artifact id: '42d402b061de3733987d63b9cc3b64de') in 0.015440 seconds 
  Import took 0.116718 seconds .

========================================================================
Received Import Request.
  Time since last request: 7.629921 seconds.
  path: Assets/myShader
  artifactKey: Guid(53161275f12107e448b1cd2cef907934) Importer(815301076,1909f56bfc062723c751e8b465ee728b)
Start importing Assets/myShader using Guid(53161275f12107e448b1cd2cef907934) Importer(815301076,1909f56bfc062723c751e8b465ee728b)  -> (artifact id: '973113c8313ed689799acee23a01b5c7') in 0.005686 seconds 
  Import took 0.010317 seconds .

========================================================================
Received Import Request.
  Time since last request: 13.906923 seconds.
  path: Assets/myShader/DepthFade.shadersubgraph
  artifactKey: Guid(a882f1908d7497d42a5b958042e4d775) Importer(815301076,1909f56bfc062723c751e8b465ee728b)
Start importing Assets/myShader/DepthFade.shadersubgraph using Guid(a882f1908d7497d42a5b958042e4d775) Importer(815301076,1909f56bfc062723c751e8b465ee728b)  -> (artifact id: '8afd40b2974e73fc730d06759daaeecd') in 0.017237 seconds 
  Import took 0.022814 seconds .

========================================================================
Received Import Request.
  Time since last request: 257.530715 seconds.
  path: Assets/myShader/DepthFade.shadersubgraph
  artifactKey: Guid(a882f1908d7497d42a5b958042e4d775) Importer(815301076,1909f56bfc062723c751e8b465ee728b)
Start importing Assets/myShader/DepthFade.shadersubgraph using Guid(a882f1908d7497d42a5b958042e4d775) Importer(815301076,1909f56bfc062723c751e8b465ee728b)  -> (artifact id: 'b8b37a2fb28dff2b89261a227ff6295e') in 0.003492 seconds 
  Import took 0.009420 seconds .

========================================================================
Received Import Request.
  Time since last request: 30.149684 seconds.
  path: Assets/myShader/StylizedWater.shadergraph
  artifactKey: Guid(8393fd834ff5455489c102ea8d6208e0) Importer(815301076,1909f56bfc062723c751e8b465ee728b)
Start importing Assets/myShader/StylizedWater.shadergraph using Guid(8393fd834ff5455489c102ea8d6208e0) Importer(815301076,1909f56bfc062723c751e8b465ee728b)  -> (artifact id: 'aaafd2f521a7df01933fb9c54cf724f0') in 0.017252 seconds 
  Import took 0.022112 seconds .

========================================================================
Received Import Request.
  Time since last request: 171.786386 seconds.
  path: Assets/myShader/StylizedWater.shadergraph
  artifactKey: Guid(8393fd834ff5455489c102ea8d6208e0) Importer(815301076,1909f56bfc062723c751e8b465ee728b)
Start importing Assets/myShader/StylizedWater.shadergraph using Guid(8393fd834ff5455489c102ea8d6208e0) Importer(815301076,1909f56bfc062723c751e8b465ee728b)  -> (artifact id: 'b6df1525c52a7170c472529686be1374') in 0.003082 seconds 
  Import took 0.007440 seconds .

========================================================================
Received Import Request.
  Time since last request: 105.464443 seconds.
  path: Assets/myShader/depthWater.shadergraph
  artifactKey: Guid(5a1c9a85ea2759340beddc3802b0d530) Importer(815301076,1909f56bfc062723c751e8b465ee728b)
Start importing Assets/myShader/depthWater.shadergraph using Guid(5a1c9a85ea2759340beddc3802b0d530) Importer(815301076,1909f56bfc062723c751e8b465ee728b)  -> (artifact id: '3be020cc6795c93054fa5d66358b7c8d') in 0.009719 seconds 
  Import took 0.017674 seconds .

========================================================================
Received Import Request.
  Time since last request: 228.274063 seconds.
  path: Assets/myShader/depthWater.shadergraph
  artifactKey: Guid(5a1c9a85ea2759340beddc3802b0d530) Importer(815301076,1909f56bfc062723c751e8b465ee728b)
Start importing Assets/myShader/depthWater.shadergraph using Guid(5a1c9a85ea2759340beddc3802b0d530) Importer(815301076,1909f56bfc062723c751e8b465ee728b)  -> (artifact id: '95a7535d82922bc7231dd1cafccbf392') in 0.006243 seconds 
  Import took 0.011505 seconds .

========================================================================
Received Import Request.
  Time since last request: 214.775254 seconds.
  path: Assets/Stylized Environnement - Free Pack/PPP.asset
  artifactKey: Guid(07d475369b47b413fad896a658b53062) Importer(815301076,1909f56bfc062723c751e8b465ee728b)
Start importing Assets/Stylized Environnement - Free Pack/PPP.asset using Guid(07d475369b47b413fad896a658b53062) Importer(815301076,1909f56bfc062723c751e8b465ee728b)  -> (artifact id: '9c0820471a1ee3566d1e75641506a854') in 0.008380 seconds 
  Import took 0.015400 seconds .

========================================================================
Received Import Request.
  Time since last request: 1.560788 seconds.
  path: Assets/Stylized Environnement - Free Pack/Materials
  artifactKey: Guid(d55a1e38c45f34692a76e27d2817483f) Importer(815301076,1909f56bfc062723c751e8b465ee728b)
Start importing Assets/Stylized Environnement - Free Pack/Materials using Guid(d55a1e38c45f34692a76e27d2817483f) Importer(815301076,1909f56bfc062723c751e8b465ee728b)  -> (artifact id: 'b40c857cb04d4d652a826aa740bfdeda') in 0.006585 seconds 
  Import took 0.012675 seconds .

========================================================================
Received Import Request.
  Time since last request: 0.054999 seconds.
  path: Assets/Stylized Environnement - Free Pack/Materials/crystal_01_M.mat
  artifactKey: Guid(393305ce71db44faa9c0d249c1e64205) Importer(815301076,1909f56bfc062723c751e8b465ee728b)
Start importing Assets/Stylized Environnement - Free Pack/Materials/crystal_01_M.mat using Guid(393305ce71db44faa9c0d249c1e64205) Importer(815301076,1909f56bfc062723c751e8b465ee728b)  -> (artifact id: '5c071c0b6beee2ea7119f30f373772d8') in 0.485471 seconds 
  Import took 0.490522 seconds .

========================================================================
Received Import Request.
  Time since last request: 0.000342 seconds.
  path: Assets/Stylized Environnement - Free Pack/Materials/rock_M.mat
  artifactKey: Guid(e81576c6e7f7f412abbdd3d7250398f1) Importer(815301076,1909f56bfc062723c751e8b465ee728b)
Start importing Assets/Stylized Environnement - Free Pack/Materials/rock_M.mat using Guid(e81576c6e7f7f412abbdd3d7250398f1) Importer(815301076,1909f56bfc062723c751e8b465ee728b)  -> (artifact id: 'ce065a592e3e8bd5c445d4b1f1e9400c') in 0.197879 seconds 
  Import took 0.202221 seconds .

========================================================================
Received Import Request.
  Time since last request: 0.000323 seconds.
  path: Assets/Stylized Environnement - Free Pack/Materials/grass_M.mat
  artifactKey: Guid(89fc86d151a0e41a7b2ced345d2fee6a) Importer(815301076,1909f56bfc062723c751e8b465ee728b)
Start importing Assets/Stylized Environnement - Free Pack/Materials/grass_M.mat using Guid(89fc86d151a0e41a7b2ced345d2fee6a) Importer(815301076,1909f56bfc062723c751e8b465ee728b)  -> (artifact id: '45f92b3f472820dd606be1408be58ca6') in 0.315416 seconds 
  Import took 0.319615 seconds .

========================================================================
Received Import Request.
  Time since last request: 0.000330 seconds.
  path: Assets/Stylized Environnement - Free Pack/Materials/trunk_M.mat
  artifactKey: Guid(353a4fe466f094c45933763a7dee1095) Importer(815301076,1909f56bfc062723c751e8b465ee728b)
Start importing Assets/Stylized Environnement - Free Pack/Materials/trunk_M.mat using Guid(353a4fe466f094c45933763a7dee1095) Importer(815301076,1909f56bfc062723c751e8b465ee728b)  -> (artifact id: '66bef136487451c29f281347b1d09ded') in 0.352531 seconds 
  Import took 0.356648 seconds .

========================================================================
Received Import Request.
  Time since last request: 0.000324 seconds.
  path: Assets/Stylized Environnement - Free Pack/Materials/Skybox.mat
  artifactKey: Guid(442fcf418098e4cc7be885f73f92d841) Importer(815301076,1909f56bfc062723c751e8b465ee728b)
Start importing Assets/Stylized Environnement - Free Pack/Materials/Skybox.mat using Guid(442fcf418098e4cc7be885f73f92d841) Importer(815301076,1909f56bfc062723c751e8b465ee728b)  -> (artifact id: '23645d16ebb99056c222d89a8ef98a14') in 0.316024 seconds 
  Import took 0.321804 seconds .

========================================================================
Received Import Request.
  Time since last request: 0.000431 seconds.
  path: Assets/Stylized Environnement - Free Pack/Materials/foliage_M.mat
  artifactKey: Guid(b2523a93ede2c4e818a99784887441a5) Importer(815301076,1909f56bfc062723c751e8b465ee728b)
Start importing Assets/Stylized Environnement - Free Pack/Materials/foliage_M.mat using Guid(b2523a93ede2c4e818a99784887441a5) Importer(815301076,1909f56bfc062723c751e8b465ee728b)  -> (artifact id: '5a386d94f6afaf477a7af0ecdb795267') in 0.272558 seconds 
  Import took 0.277508 seconds .

========================================================================
Received Import Request.
  Time since last request: 11.178160 seconds.
  path: Assets/Stylized Environnement - Free Pack/Textures
  artifactKey: Guid(e5e5d747b09274029b31ee9e729ec98e) Importer(815301076,1909f56bfc062723c751e8b465ee728b)
Start importing Assets/Stylized Environnement - Free Pack/Textures using Guid(e5e5d747b09274029b31ee9e729ec98e) Importer(815301076,1909f56bfc062723c751e8b465ee728b)  -> (artifact id: 'd64816e7cdece9a6cd7a549b77166f04') in 0.005510 seconds 
  Import took 0.009819 seconds .

========================================================================
Received Import Request.
  Time since last request: 84.364998 seconds.
  path: Assets/myShader/depthWater.shadergraph
  artifactKey: Guid(5a1c9a85ea2759340beddc3802b0d530) Importer(815301076,1909f56bfc062723c751e8b465ee728b)
Start importing Assets/myShader/depthWater.shadergraph using Guid(5a1c9a85ea2759340beddc3802b0d530) Importer(815301076,1909f56bfc062723c751e8b465ee728b)  -> (artifact id: '402e8e144632037cc436d5ac718b640b') in 0.007323 seconds 
  Import took 0.012125 seconds .

========================================================================
Received Import Request.
  Time since last request: 19.664554 seconds.
  path: Assets/myShader/depthWater.mat
  artifactKey: Guid(b171ee67dc884194fb59539541a09cc9) Importer(815301076,1909f56bfc062723c751e8b465ee728b)
Start importing Assets/myShader/depthWater.mat using Guid(b171ee67dc884194fb59539541a09cc9) Importer(815301076,1909f56bfc062723c751e8b465ee728b)  -> (artifact id: 'd088c53342fd9925315b644979470b60') in 0.122030 seconds 
  Import took 0.128154 seconds .

========================================================================
Received Import Request.
  Time since last request: 39.037586 seconds.
  path: Assets/myShader/depthWater.shadergraph
  artifactKey: Guid(5a1c9a85ea2759340beddc3802b0d530) Importer(815301076,1909f56bfc062723c751e8b465ee728b)
Start importing Assets/myShader/depthWater.shadergraph using Guid(5a1c9a85ea2759340beddc3802b0d530) Importer(815301076,1909f56bfc062723c751e8b465ee728b)  -> (artifact id: '208e5ae74ecb8d0098ec8e5344607a60') in 0.003071 seconds 
  Import took 0.007303 seconds .

========================================================================
Received Import Request.
  Time since last request: 63.432007 seconds.
  path: Assets/myShader/depth
  artifactKey: Guid(5d356434e8312ff469eb90182a1ea1ef) Importer(815301076,1909f56bfc062723c751e8b465ee728b)
Start importing Assets/myShader/depth using Guid(5d356434e8312ff469eb90182a1ea1ef) Importer(815301076,1909f56bfc062723c751e8b465ee728b)  -> (artifact id: '308cba06abb526a0bfd593731c44691d') in 0.005211 seconds 
  Import took 0.009819 seconds .

========================================================================
Received Import Request.
  Time since last request: 17.488881 seconds.
  path: Assets/myShader/depth/New Shader Graph.shadergraph
  artifactKey: Guid(64dde8c2b636878468f0d7ab330b72a8) Importer(815301076,1909f56bfc062723c751e8b465ee728b)
Start importing Assets/myShader/depth/New Shader Graph.shadergraph using Guid(64dde8c2b636878468f0d7ab330b72a8) Importer(815301076,1909f56bfc062723c751e8b465ee728b)  -> (artifact id: 'e417a6ba8c4b1bc8015138f3c21575d9') in 0.009834 seconds 
  Import took 0.015555 seconds .

========================================================================
Received Import Request.
  Time since last request: 30.840455 seconds.
  path: Assets/myShader/depth/depth1.shadergraph
  artifactKey: Guid(64dde8c2b636878468f0d7ab330b72a8) Importer(815301076,1909f56bfc062723c751e8b465ee728b)
Start importing Assets/myShader/depth/depth1.shadergraph using Guid(64dde8c2b636878468f0d7ab330b72a8) Importer(815301076,1909f56bfc062723c751e8b465ee728b)  -> (artifact id: '76b267e714e7a1cad7854ee651b28091') in 0.007128 seconds 
  Import took 0.012639 seconds .

========================================================================
Received Import Request.
  Time since last request: 60.543961 seconds.
  path: Assets/myShader/depth/depthWater.shadersubgraph
  artifactKey: Guid(98cc1b8d63399b9418b24a1810d05294) Importer(815301076,1909f56bfc062723c751e8b465ee728b)
Start importing Assets/myShader/depth/depthWater.shadersubgraph using Guid(98cc1b8d63399b9418b24a1810d05294) Importer(815301076,1909f56bfc062723c751e8b465ee728b)  -> (artifact id: '80ccc569afab081b7e048c536c3ef8a6') in 0.002531 seconds 
  Import took 0.007922 seconds .

========================================================================
Received Import Request.
  Time since last request: 2.665148 seconds.
  path: Assets/myShader/depth/depthWater.shadergraph
  artifactKey: Guid(5a1c9a85ea2759340beddc3802b0d530) Importer(815301076,1909f56bfc062723c751e8b465ee728b)
Start importing Assets/myShader/depth/depthWater.shadergraph using Guid(5a1c9a85ea2759340beddc3802b0d530) Importer(815301076,1909f56bfc062723c751e8b465ee728b)  -> (artifact id: 'ba05c71840808031426b6e6c9ed27c66') in 0.004654 seconds 
  Import took 0.010181 seconds .

========================================================================
Received Import Request.
  Time since last request: 12.660239 seconds.
  path: Assets/myShader/depth/depthWater.shadergraph
  artifactKey: Guid(5a1c9a85ea2759340beddc3802b0d530) Importer(815301076,1909f56bfc062723c751e8b465ee728b)
Start importing Assets/myShader/depth/depthWater.shadergraph using Guid(5a1c9a85ea2759340beddc3802b0d530) Importer(815301076,1909f56bfc062723c751e8b465ee728b)  -> (artifact id: '51b3154bba094b526e0be87e1c1c5d50') in 0.003275 seconds 
  Import took 0.008335 seconds .

========================================================================
Received Import Request.
  Time since last request: 76.335922 seconds.
  path: Assets/myShader/depth/depthWater.shadersubgraph
  artifactKey: Guid(98cc1b8d63399b9418b24a1810d05294) Importer(815301076,1909f56bfc062723c751e8b465ee728b)
Start importing Assets/myShader/depth/depthWater.shadersubgraph using Guid(98cc1b8d63399b9418b24a1810d05294) Importer(815301076,1909f56bfc062723c751e8b465ee728b)  -> (artifact id: 'f9d1af2c2a63b1a33a5f911d77fdd2a3') in 0.002669 seconds 
  Import took 0.007776 seconds .

========================================================================
Received Import Request.
  Time since last request: 50.480668 seconds.
  path: Assets/myShader/depth/depthWater.shadersubgraph
  artifactKey: Guid(98cc1b8d63399b9418b24a1810d05294) Importer(815301076,1909f56bfc062723c751e8b465ee728b)
Start importing Assets/myShader/depth/depthWater.shadersubgraph using Guid(98cc1b8d63399b9418b24a1810d05294) Importer(815301076,1909f56bfc062723c751e8b465ee728b)  -> (artifact id: '747c94bc3de8794b8a4eb09cdcc45e4f') in 0.003384 seconds 
  Import took 0.008406 seconds .

========================================================================
Received Import Request.
  Time since last request: 3.400267 seconds.
  path: Assets/myShader/depth/depthWater.shadergraph
  artifactKey: Guid(5a1c9a85ea2759340beddc3802b0d530) Importer(815301076,1909f56bfc062723c751e8b465ee728b)
Start importing Assets/myShader/depth/depthWater.shadergraph using Guid(5a1c9a85ea2759340beddc3802b0d530) Importer(815301076,1909f56bfc062723c751e8b465ee728b)  -> (artifact id: 'c1fdf2467d9ce02d48f0811f9b2dc06d') in 0.003980 seconds 
  Import took 0.010570 seconds .

========================================================================
Received Import Request.
  Time since last request: 75.358138 seconds.
  path: Assets/myShader/depth/depthWater.shadergraph
  artifactKey: Guid(5a1c9a85ea2759340beddc3802b0d530) Importer(815301076,1909f56bfc062723c751e8b465ee728b)
Start importing Assets/myShader/depth/depthWater.shadergraph using Guid(5a1c9a85ea2759340beddc3802b0d530) Importer(815301076,1909f56bfc062723c751e8b465ee728b)  -> (artifact id: '9be7de5340bab27873e2bac115a59ea1') in 0.002987 seconds 
  Import took 0.007177 seconds .

========================================================================
Received Prepare
Refreshing native plugins compatible for Editor in 5.28 ms, found 2 plugins.
Preloading 0 native plugins for Editor in 0.00 ms.
Unloading 61 Unused Serialized files (Serialized files now loaded: 0)
System memory in use before: 71.8 MB.
System memory in use after: 72.1 MB.

Unloading 13 unused Assets to reduce memory usage. Loaded Objects now: 3406.
Total: 8.528100 ms (FindLiveObjects: 0.493600 ms CreateObjectMapping: 0.267700 ms MarkObjects: 7.734600 ms  DeleteObjects: 0.030400 ms)

AssetImportParameters requested are different than current active one (requested -> active):
  custom:framework-win-MediaFoundation: 216162199b28c13a410421893ffa2e32 -> 
  custom:video-decoder-ogg-theora: a1e56fd34408186e4bbccfd4996cb3dc -> 
  custom:container-muxer-webm: aa71ff27fc2769a1b78a27578f13a17b -> 
  custom:container-demuxer-webm: 4f35f7cbe854078d1ac9338744f61a02 -> 
  custom:container-demuxer-ogg: 62fdf1f143b41e24485cea50d1cbac27 -> 
  custom:video-encoder-webm-vp8: eb34c28f22e8b96e1ab97ce403110664 -> 
  custom:video-decoder-webm-vp8: 9c59270c3fd7afecdb556c50c9e8de78 -> 
  custom:audio-decoder-ogg-vorbis: bf7c407c2cedff20999df2af8eb42d56 -> 
  custom:audio-encoder-webm-vorbis: bf7c407c2cedff20999df2af8eb42d56 -> 
AssetImportWorkerClient::OnTransportError - code=2 error=End of file
